<?xml version="1.0" encoding="UTF-8"?>
<testng-results ignored="0" total="3" passed="3" failed="0" skipped="0">
  <reporter-output>
  </reporter-output>
  <suite started-at="2023-06-07T08:18:15 IST" name="Suite" finished-at="2023-06-07T08:18:15 IST" duration-ms="158">
    <groups>
    </groups>
    <test started-at="2023-06-07T08:18:15 IST" name="Test" finished-at="2023-06-07T08:18:15 IST" duration-ms="158">
      <class name="Framework.testcases.Regression">
        <test-method signature="login()[pri:0, instance:Framework.testcases.Regression@581ac8a8]" started-at="2023-06-07T08:18:15 IST" name="login" finished-at="2023-06-07T08:18:15 IST" duration-ms="19" status="PASS">
          <reporter-output>
          </reporter-output>
        </test-method> <!-- login -->
        <test-method signature="logout()[pri:0, instance:Framework.testcases.Regression@581ac8a8]" started-at="2023-06-07T08:18:15 IST" name="logout" finished-at="2023-06-07T08:18:15 IST" duration-ms="1" status="PASS">
          <reporter-output>
          </reporter-output>
        </test-method> <!-- logout -->
        <test-method signature="perform()[pri:0, instance:Framework.testcases.Regression@581ac8a8]" started-at="2023-06-07T08:18:15 IST" name="perform" finished-at="2023-06-07T08:18:15 IST" duration-ms="0" status="PASS">
          <reporter-output>
          </reporter-output>
        </test-method> <!-- perform -->
      </class> <!-- Framework.testcases.Regression -->
    </test> <!-- Test -->
  </suite> <!-- Suite -->
</testng-results>
