<?xml version="1.0" encoding="UTF-8"?>
<!-- Generated by org.testng.reporters.JUnitXMLReporter -->
<testsuite ignored="0" hostname="IBM-PF3DZ8GN" failures="0" tests="3" name="Test" time="0.158" errors="0" timestamp="2023-06-07T08:18:15 IST">
  <testcase classname="Framework.testcases.Regression" name="login" time="0.019"/>
  <testcase classname="Framework.testcases.Regression" name="logout" time="0.001"/>
  <testcase classname="Framework.testcases.Regression" name="perform" time="0.0"/>
</testsuite> <!-- Test -->
