<?xml version="1.0" encoding="UTF-8"?>
<!-- Generated by org.testng.reporters.JUnitXMLReporter -->
<testsuite ignored="4" hostname="IBM-PF3DZ8GN" failures="0" tests="1" name="Basics1Basics2" time="0.074" errors="0" timestamp="2023-06-06T14:25:48 IST">
  <testcase classname="annotations.Basics2" name="test21" time="0.009"/>
  <testcase classname="annotations.Basics1" name="b" time="0.0">
    <ignored/>
  </testcase> <!-- b -->
  <testcase classname="annotations.Basics2" name="test22" time="0.0">
    <ignored/>
  </testcase> <!-- test22 -->
  <testcase classname="annotations.Basics1" name="a" time="0.0">
    <ignored/>
  </testcase> <!-- a -->
  <testcase classname="annotations.Basics1" name="c" time="0.0">
    <ignored/>
  </testcase> <!-- c -->
</testsuite> <!-- Basics1Basics2 -->
