<?xml version="1.0" encoding="UTF-8"?>
<!-- Generated by org.testng.reporters.JUnitXMLReporter -->
<testsuite ignored="1" hostname="IBM-PF3DZ8GN" failures="0" tests="3" name="Basics3Basics4" time="0.083" errors="0" timestamp="2023-06-06T14:25:48 IST">
  <testcase classname="annotations.Basics3" name="test31" time="0.011"/>
  <testcase classname="annotations.Basics3" name="test32" time="0.001"/>
  <testcase classname="annotations.Basics4" name="test41" time="0.001"/>
  <testcase classname="annotations.Basics4" name="test42" time="0.0">
    <ignored/>
  </testcase> <!-- test42 -->
</testsuite> <!-- Basics3Basics4 -->
