<?xml version="1.0" encoding="UTF-8"?>
<testng-results ignored="5" total="9" passed="4" failed="0" skipped="0">
  <reporter-output>
  </reporter-output>
  <suite started-at="2023-06-06T14:25:48 IST" name="Suite" finished-at="2023-06-06T14:25:48 IST" duration-ms="83">
    <groups>
      <group name="Smoke">
        <method signature="Basics2.test21()[pri:0, instance:annotations.Basics2@13e344d]" name="test21" class="annotations.Basics2"/>
        <method signature="Basics3.test31(java.lang.String,java.lang.String)[pri:0, instance:annotations.Basics3@75d3a5e0]" name="test31" class="annotations.Basics3"/>
      </group> <!-- Smoke -->
    </groups>
    <test started-at="2023-06-06T14:25:48 IST" name="Basics1Basics2" finished-at="2023-06-06T14:25:48 IST" duration-ms="74">
      <class name="annotations.Basics2">
        <test-method is-config="true" signature="bm()[pri:0, instance:annotations.Basics2@13e344d]" started-at="2023-06-06T14:25:48 IST" name="bm" finished-at="2023-06-06T14:25:48 IST" duration-ms="1" status="PASS">
          <reporter-output>
          </reporter-output>
        </test-method> <!-- bm -->
        <test-method signature="test21()[pri:0, instance:annotations.Basics2@13e344d]" started-at="2023-06-06T14:25:48 IST" name="test21" finished-at="2023-06-06T14:25:48 IST" duration-ms="9" status="PASS">
          <reporter-output>
          </reporter-output>
        </test-method> <!-- test21 -->
        <test-method is-config="true" signature="at()[pri:0, instance:annotations.Basics2@13e344d]" started-at="2023-06-06T14:25:48 IST" name="at" finished-at="2023-06-06T14:25:48 IST" duration-ms="1" status="PASS">
          <reporter-output>
          </reporter-output>
        </test-method> <!-- at -->
      </class> <!-- annotations.Basics2 -->
      <class name="annotations.Basics1">
        <test-method is-config="true" signature="bt()[pri:0, instance:annotations.Basics1@5e600dd5]" started-at="2023-06-06T14:25:48 IST" name="bt" finished-at="2023-06-06T14:25:48 IST" duration-ms="0" status="PASS">
          <reporter-output>
          </reporter-output>
        </test-method> <!-- bt -->
      </class> <!-- annotations.Basics1 -->
    </test> <!-- Basics1Basics2 -->
    <test started-at="2023-06-06T14:25:48 IST" name="Basics3Basics4" finished-at="2023-06-06T14:25:48 IST" duration-ms="83">
      <class name="annotations.Basics4">
        <test-method signature="test41()[pri:0, instance:annotations.Basics4@74e28667]" started-at="2023-06-06T14:25:48 IST" name="test41" finished-at="2023-06-06T14:25:48 IST" duration-ms="1" status="PASS">
          <reporter-output>
          </reporter-output>
        </test-method> <!-- test41 -->
      </class> <!-- annotations.Basics4 -->
      <class name="annotations.Basics3">
        <test-method is-config="true" signature="bc()[pri:0, instance:annotations.Basics3@75d3a5e0]" started-at="2023-06-06T14:25:48 IST" name="bc" finished-at="2023-06-06T14:25:48 IST" duration-ms="0" status="PASS">
          <reporter-output>
          </reporter-output>
        </test-method> <!-- bc -->
        <test-method signature="test31(java.lang.String,java.lang.String)[pri:0, instance:annotations.Basics3@75d3a5e0]" started-at="2023-06-06T14:25:48 IST" name="test31" finished-at="2023-06-06T14:25:48 IST" duration-ms="11" status="PASS">
          <params>
            <param index="0">
              <value>
                <![CDATA[google.com]]>
              </value>
            </param>
            <param index="1">
              <value>
                <![CDATA[saidurga]]>
              </value>
            </param>
          </params>
          <reporter-output>
          </reporter-output>
        </test-method> <!-- test31 -->
        <test-method signature="test32()[pri:0, instance:annotations.Basics3@75d3a5e0]" started-at="2023-06-06T14:25:48 IST" name="test32" finished-at="2023-06-06T14:25:48 IST" duration-ms="1" status="PASS">
          <reporter-output>
          </reporter-output>
        </test-method> <!-- test32 -->
        <test-method is-config="true" signature="ac()[pri:0, instance:annotations.Basics3@75d3a5e0]" started-at="2023-06-06T14:25:48 IST" name="ac" finished-at="2023-06-06T14:25:48 IST" duration-ms="0" status="PASS">
          <reporter-output>
          </reporter-output>
        </test-method> <!-- ac -->
        <test-method is-config="true" signature="at()[pri:0, instance:annotations.Basics3@75d3a5e0]" started-at="2023-06-06T14:25:48 IST" name="at" finished-at="2023-06-06T14:25:48 IST" duration-ms="1" status="PASS">
          <reporter-output>
          </reporter-output>
        </test-method> <!-- at -->
        <test-method is-config="true" signature="as()[pri:0, instance:annotations.Basics3@75d3a5e0]" started-at="2023-06-06T14:25:48 IST" name="as" finished-at="2023-06-06T14:25:48 IST" duration-ms="1" status="PASS">
          <reporter-output>
          </reporter-output>
        </test-method> <!-- as -->
      </class> <!-- annotations.Basics3 -->
      <class name="annotations.Basics2">
        <test-method is-config="true" signature="bs()[pri:0, instance:annotations.Basics2@13e344d]" started-at="2023-06-06T14:25:48 IST" name="bs" finished-at="2023-06-06T14:25:48 IST" duration-ms="15" status="PASS">
          <reporter-output>
          </reporter-output>
        </test-method> <!-- bs -->
      </class> <!-- annotations.Basics2 -->
    </test> <!-- Basics3Basics4 -->
  </suite> <!-- Suite -->
</testng-results>
